2020-06-23 08:30:31,964 [      0]   INFO -        #com.intellij.idea.Main - ------------------------------------------------------ IDE STARTED ------------------------------------------------------ 
2020-06-23 08:30:32,247 [    283]   INFO -        #com.intellij.idea.Main - IDE: IntelliJ IDEA (build #IC-201.7846.76, 01 Jun 2020 06:17) 
2020-06-23 08:30:32,293 [    329]   INFO -        #com.intellij.idea.Main - OS: Windows 7 (6.1, amd64) 
2020-06-23 08:30:32,293 [    329]   INFO -        #com.intellij.idea.Main - JRE: 11.0.7+10-b765.53 (JetBrains s.r.o.) 
2020-06-23 08:30:32,303 [    339]   INFO -        #com.intellij.idea.Main - JVM: 11.0.7+10-b765.53 (OpenJDK 64-Bit Server VM) 
2020-06-23 08:30:32,303 [    339]   INFO -        #com.intellij.idea.Main - JVM Args: -Didea.auto.reload.plugins=true -Didea.classpath.index.enabled=false -Didea.config.path=C:\Users\admin\IdeaProjects\kodilla-course\build\idea-sandbox\config -Didea.is.internal=true -Didea.platform.prefix=Idea -Didea.plugins.path=C:\Users\admin\IdeaProjects\kodilla-course\build\idea-sandbox\plugins -Didea.required.plugins.id=com.kodilla.kodilla-course -Didea.system.path=C:\Users\admin\IdeaProjects\kodilla-course\build\idea-sandbox\system -Xms256m -Xmx512m -Dfile.encoding=windows-1250 -Duser.country=PL -Duser.language=pl -Duser.variant -ea 
2020-06-23 08:30:32,303 [    339]   INFO -        #com.intellij.idea.Main - Locale=pl_PL JNU=Cp1250 file.encoding=windows-1250 
2020-06-23 08:30:32,395 [    431]   INFO -        #com.intellij.idea.Main - JNA library (64-bit) loaded in 346 ms 
2020-06-23 08:30:32,601 [    637]   INFO - ntellij.idea.ApplicationLoader - CPU cores: 4; ForkJoinPool.commonPool: java.util.concurrent.ForkJoinPool@21232418[Running, parallelism = 4, size = 0, active = 0, running = 0, steals = 0, tasks = 0, submissions = 0]; factory: com.intellij.concurrency.IdeaForkJoinWorkerThreadFactory@6095dac8 
2020-06-23 08:30:34,671 [   2707]   INFO - penapi.util.io.win32.IdeaWin32 - Native filesystem for Windows is operational 
2020-06-23 08:30:36,163 [   4199]   INFO - llij.ide.plugins.PluginManager - Plugin org.intellij.groovy misses optional descriptor duplicates-groovy.xml 
2020-06-23 08:30:36,163 [   4199]   INFO - llij.ide.plugins.PluginManager - Plugin org.intellij.groovy misses optional descriptor duplicates-detection-groovy.xml 
2020-06-23 08:30:37,013 [   5049]   INFO - llij.ide.plugins.PluginManager - Plugin com.intellij.java misses optional descriptor profiler-java.xml 
2020-06-23 08:30:37,583 [   5619]   INFO - llij.ide.plugins.PluginManager - Loaded bundled plugins: IDEA CORE (201.7846.76), com.intellij.platform.images (201.7846.76), JetBrains Repository Search (201.7846.76), Subversion (201.7846.76), XPathView + XSLT (201.7846.76), XSLT Debugger (201.7846.76), Smali Support (201.7846.76), Configuration Script (201.7846.76), Copyright (201.7846.76), Java (201.7846.76), Bytecode Viewer (201.7846.76), Git (201.7846.76), ChangeReminder (201.7846.76), Next File Prediction (201.7846.76), JUnit (201.7846.76), Task Management (201.7846.76), GitHub (201.7846.76), IntelliLang (201.7846.76), TestNG (201.7846.76), Code Coverage for Java (201.7846.76), Markdown (201.7846.76), Java IDE Customization (201.7846.76), Java Stream Debugger (201.7846.76), Eclipse Interoperability (201.7846.76), Java Bytecode Decompiler (201.7846.76), Gradle (201.7846.76), macOS Light Theme (201.7846.76), Windows 10 Light Theme (201.7846.76), Properties (201.7846.76), Ant (201.7846.76), Groovy (201.7846.76), Maven (201.7846.76), Gradle-Java (201.7846.76), Gradle-Maven (201.7846.76), Java Internationalization (201.7846.76), Kotlin (1.3.72-release-IJ2020.1-1), UI Designer (201.7846.76), Plugin DevKit (201.7846.76), JavaFX (201.7846.76), Resource Bundle Editor (201.7846.76), Machine Learning Code Completion (201.7846.76), Mercurial (201.7846.76), EditorConfig (201.7846.76), Terminal (201.7846.76), Android (201.7846.76), Shell Script (201.7846.76), TextMate bundles (201.7846.76), YAML (201.7846.76), Grazie (201.7846.76), Settings Repository (201.7846.76) 
2020-06-23 08:30:37,583 [   5619]   INFO - llij.ide.plugins.PluginManager - Loaded custom plugins: Plugin display name here (1.0-SNAPSHOT) 
2020-06-23 08:30:45,333 [  13369]   INFO - ellij.util.io.PagedFileStorage - lower=100; upper=492; buffer=10; max=492 
2020-06-23 08:30:45,413 [  13449]   INFO - fs.newvfs.persistent.FSRecords - Marking VFS as corrupted: 'C:\Users\admin\IdeaProjects\kodilla-course\build\idea-sandbox\system\caches\names.dat' does not exist 
2020-06-23 08:30:45,453 [  13489]   INFO - om.intellij.ui.scale.JBUIScale - System scale factor: 0.9166667 (IDE-managed HiDPI) 
2020-06-23 08:30:45,483 [  13519]   INFO - tellij.util.io.FileChannelUtil - un-interruptible FileChannel-s will be used for indexes 
2020-06-23 08:30:45,653 [  13689]   WARN - j.internal.DebugAttachDetector - Unable to start DebugAttachDetector, please add `--add-exports java.base/jdk.internal.vm=ALL-UNNAMED` to VM options 
2020-06-23 08:30:45,691 [  13727]   INFO - til.net.ssl.CertificateManager - Default SSL context initialized 
2020-06-23 08:30:45,720 [  13756]   INFO - rains.ide.BuiltInServerManager - built-in server started, port 63343 
2020-06-23 08:30:45,839 [  13875]   INFO - pl.local.NativeFileWatcherImpl - Native file watcher is disabled 
2020-06-23 08:30:48,461 [  16497]   INFO - il.indexing.FileBasedIndexImpl - index version changed for 'FilenameIndex'; old = -1, new = 3 
2020-06-23 08:30:48,591 [  16627]   INFO - il.indexing.FileBasedIndexImpl - index version changed for 'FrameworkDetectionIndex'; old = -1, new = 0 
2020-06-23 08:30:48,621 [  16657]   INFO - il.indexing.FileBasedIndexImpl - index version changed for 'TodoIndex'; old = -1, new = 4107 
2020-06-23 08:30:48,661 [  16697]   INFO - il.indexing.FileBasedIndexImpl - index version changed for 'IdIndex'; old = -1, new = 4112 
2020-06-23 08:30:48,764 [  16800]   INFO - il.indexing.FileBasedIndexImpl - index version changed for 'filetypes'; old = -1, new = 2 
2020-06-23 08:30:48,813 [  16849]   INFO - il.indexing.FileBasedIndexImpl - index version changed for 'Stubs'; old = -1, new = 46 
2020-06-23 08:30:49,623 [  17659]   INFO - il.indexing.FileBasedIndexImpl - index version changed for 'Trigram.Index'; old = -1, new = 4099 
2020-06-23 08:30:49,703 [  17739]   INFO - il.indexing.FileBasedIndexImpl - index version changed for 'fileIncludes'; old = -1, new = 6 
2020-06-23 08:30:49,773 [  17809]   INFO -                         STDOUT - Starting searchable options index builder 
2020-06-23 08:30:50,013 [  18049]   INFO - il.indexing.FileBasedIndexImpl - index version changed for 'DomFileIndex'; old = -1, new = -1189920956 
2020-06-23 08:30:50,053 [  18089]   INFO - il.indexing.FileBasedIndexImpl - index version changed for 'RelaxSymbolIndex'; old = -1, new = 0 
2020-06-23 08:30:50,323 [  18359]   INFO - il.indexing.FileBasedIndexImpl - index version changed for 'XmlTagNames'; old = -1, new = 1 
2020-06-23 08:30:50,413 [  18449]   INFO - il.indexing.FileBasedIndexImpl - index version changed for 'XmlNamespaces'; old = -1, new = 7 
2020-06-23 08:30:50,453 [  18489]   INFO - il.indexing.FileBasedIndexImpl - index version changed for 'html5.custom.attributes.index'; old = -1, new = 1 
2020-06-23 08:30:50,493 [  18529]   INFO - il.indexing.FileBasedIndexImpl - index version changed for 'SchemaTypeInheritance'; old = -1, new = 2 
2020-06-23 08:30:50,523 [  18559]   INFO - il.indexing.FileBasedIndexImpl - index version changed for 'json.file.root.values'; old = -1, new = 5 
2020-06-23 08:30:50,593 [  18629]   INFO - il.indexing.FileBasedIndexImpl - index version changed for 'ImageFileInfoIndex'; old = -1, new = 8 
2020-06-23 08:30:50,623 [  18659]   INFO - il.indexing.FileBasedIndexImpl - index version changed for 'XsltSymbolIndex'; old = -1, new = 0 
2020-06-23 08:30:50,653 [  18689]   INFO - il.indexing.FileBasedIndexImpl - index version changed for 'bytecodeAnalysis'; old = -1, new = 4107 
2020-06-23 08:30:50,703 [  18739]   INFO - il.indexing.FileBasedIndexImpl - index version changed for 'java.auto.module.name'; old = -1, new = 5 
2020-06-23 08:30:50,753 [  18789]   INFO - il.indexing.FileBasedIndexImpl - index version changed for 'java.source.module.name'; old = -1, new = 2 
2020-06-23 08:30:50,783 [  18819]   INFO - il.indexing.FileBasedIndexImpl - index version changed for 'java.null.method.argument'; old = -1, new = 4097 
2020-06-23 08:30:50,843 [  18879]   INFO - il.indexing.FileBasedIndexImpl - index version changed for 'java.simple.property'; old = -1, new = 3 
2020-06-23 08:30:50,863 [  18899]   INFO - il.indexing.FileBasedIndexImpl - index version changed for 'java.fun.expression'; old = -1, new = 4100 
2020-06-23 08:30:50,903 [  18939]   INFO - il.indexing.FileBasedIndexImpl - index version changed for 'java.binary.plus.expression'; old = -1, new = 4099 
2020-06-23 08:30:50,953 [  18989]   INFO - il.indexing.FileBasedIndexImpl - index version changed for 'RefQueueIndex'; old = -1, new = 0 
2020-06-23 08:30:50,983 [  19019]   INFO - il.indexing.FileBasedIndexImpl - index version changed for 'xmlProperties'; old = -1, new = 2 
2020-06-23 08:30:51,013 [  19049]   INFO - il.indexing.FileBasedIndexImpl - index version changed for 'ant-imports'; old = -1, new = 5 
2020-06-23 08:30:51,093 [  19129]   INFO - il.indexing.FileBasedIndexImpl - index version changed for 'groovy.trait.fields'; old = -1, new = 5 
2020-06-23 08:30:51,103 [  19139]   INFO - il.indexing.FileBasedIndexImpl - index version changed for 'groovy.trait.methods'; old = -1, new = 25 
2020-06-23 08:30:51,113 [  19149]   INFO - il.indexing.FileBasedIndexImpl - index version changed for 'org.jetbrains.kotlin.idea.versions.KotlinJvmMetadataVersionIndex'; old = -1, new = 5 
2020-06-23 08:30:51,173 [  19209]   INFO - il.indexing.FileBasedIndexImpl - index version changed for 'org.jetbrains.kotlin.idea.versions.KotlinJsMetadataVersionIndex'; old = -1, new = 3 
2020-06-23 08:30:51,213 [  19249]   INFO - il.indexing.FileBasedIndexImpl - index version changed for 'org.jetbrains.kotlin.idea.vfilefinder.KotlinClassFileIndex'; old = -1, new = 3 
2020-06-23 08:30:51,253 [  19289]   INFO - il.indexing.FileBasedIndexImpl - index version changed for 'org.jetbrains.kotlin.idea.vfilefinder.KotlinJavaScriptMetaFileIndex'; old = -1, new = 4 
2020-06-23 08:30:51,343 [  19379]   INFO - il.indexing.FileBasedIndexImpl - index version changed for 'org.jetbrains.kotlin.idea.vfilefinder.KotlinMetadataFileIndex'; old = -1, new = 1 
2020-06-23 08:30:51,473 [  19509]   INFO - il.indexing.FileBasedIndexImpl - index version changed for 'org.jetbrains.kotlin.idea.vfilefinder.KotlinMetadataFilePackageIndex'; old = -1, new = 1 
2020-06-23 08:30:51,563 [  19599]   INFO - il.indexing.FileBasedIndexImpl - index version changed for 'org.jetbrains.kotlin.idea.vfilefinder.KotlinModuleMappingIndex'; old = -1, new = 5 
2020-06-23 08:30:51,593 [  19629]   INFO - il.indexing.FileBasedIndexImpl - index version changed for 'org.jetbrains.kotlin.idea.vfilefinder.KotlinPackageSourcesMemberNamesIndex'; old = -1, new = 2 
2020-06-23 08:30:51,663 [  19699]   INFO - il.indexing.FileBasedIndexImpl - index version changed for 'org.jetbrains.kotlin.idea.vfilefinder.KotlinJvmModuleAnnotationsIndex'; old = -1, new = 1 
2020-06-23 08:30:51,713 [  19749]   INFO - il.indexing.FileBasedIndexImpl - index version changed for 'org.jetbrains.kotlin.ide.konan.index.KotlinNativeMetaFileIndex'; old = -1, new = 4 
2020-06-23 08:30:51,763 [  19799]   INFO - il.indexing.FileBasedIndexImpl - index version changed for 'com.intellij.uiDesigner.FormClassIndex'; old = -1, new = 0 
2020-06-23 08:30:51,803 [  19839]   INFO - il.indexing.FileBasedIndexImpl - index version changed for 'IdeaPluginRegistrationIndex'; old = -1, new = 3 
2020-06-23 08:30:51,843 [  19879]   INFO - il.indexing.FileBasedIndexImpl - index version changed for 'PluginIdModuleIndex'; old = -1, new = 1 
2020-06-23 08:30:51,923 [  19959]   INFO - il.indexing.FileBasedIndexImpl - index version changed for 'PluginIdDependenciesIndex'; old = -1, new = 1 
2020-06-23 08:30:51,983 [  20019]   INFO - il.indexing.FileBasedIndexImpl - index version changed for 'devkit.ExtensionPointIndex'; old = -1, new = 0 
2020-06-23 08:30:52,013 [  20049]   INFO - il.indexing.FileBasedIndexImpl - index version changed for 'JavaFxControllerClassIndex'; old = -1, new = 1 
2020-06-23 08:30:52,113 [  20149]   INFO - il.indexing.FileBasedIndexImpl - index version changed for 'javafx.id.name'; old = -1, new = 2 
2020-06-23 08:30:52,153 [  20189]   INFO - il.indexing.FileBasedIndexImpl - index version changed for 'javafx.custom.component'; old = -1, new = 1 
2020-06-23 08:30:52,243 [  20279]   INFO - il.indexing.FileBasedIndexImpl - index version changed for 'editorconfig.index.name'; old = -1, new = 5 
2020-06-23 08:30:52,293 [  20329]   INFO - il.indexing.FileBasedIndexImpl - index version changed for 'BindingXmlIndex'; old = -1, new = 7 
2020-06-23 08:30:52,343 [  20379]   INFO - il.indexing.FileBasedIndexImpl - index version changed for 'yaml.keys.name'; old = -1, new = 1 
2020-06-23 08:30:52,393 [  20429]   INFO - il.indexing.FileBasedIndexImpl - Indices to be built:FilenameIndex,FrameworkDetectionIndex,TodoIndex,IdIndex,filetypes,Stubs,Trigram.Index,fileIncludes,DomFileIndex,RelaxSymbolIndex,XmlTagNames,XmlNamespaces,html5.custom.attributes.index,SchemaTypeInheritance,json.file.root.values,ImageFileInfoIndex,XsltSymbolIndex,bytecodeAnalysis,java.auto.module.name,java.source.module.name,java.null.method.argument,java.simple.property,java.fun.expression,java.binary.plus.expression,RefQueueIndex,xmlProperties,ant-imports,groovy.trait.fields,groovy.trait.methods,org.jetbrains.kotlin.idea.versions.KotlinJvmMetadataVersionIndex,org.jetbrains.kotlin.idea.versions.KotlinJsMetadataVersionIndex,org.jetbrains.kotlin.idea.vfilefinder.KotlinClassFileIndex,org.jetbrains.kotlin.idea.vfilefinder.KotlinJavaScriptMetaFileIndex,org.jetbrains.kotlin.idea.vfilefinder.KotlinMetadataFileIndex,org.jetbrains.kotlin.idea.vfilefinder.KotlinMetadataFilePackageIndex,org.jetbrains.kotlin.idea.vfilefinder.KotlinModuleMappingIndex,org.jetbrains.kotlin.idea.vfilefinder.KotlinPackageSourcesMemberNamesIndex,org.jetbrains.kotlin.idea.vfilefinder.KotlinJvmModuleAnnotationsIndex,org.jetbrains.kotlin.ide.konan.index.KotlinNativeMetaFileIndex,com.intellij.uiDesigner.FormClassIndex,IdeaPluginRegistrationIndex,PluginIdModuleIndex,PluginIdDependenciesIndex,devkit.ExtensionPointIndex,JavaFxControllerClassIndex,javafx.id.name,javafx.custom.component,editorconfig.index.name,BindingXmlIndex,yaml.keys.name 
2020-06-23 08:30:52,393 [  20429]   INFO - leBasedIndexDataInitialization - Initialization done: 6548 
2020-06-23 08:30:52,533 [  20569]   INFO - il.indexing.FileBasedIndexImpl - index version changed for 'dom.namespaceKey'; old = -1, new = 1 
2020-06-23 08:30:52,543 [  20579]   INFO - il.indexing.FileBasedIndexImpl - index version changed for 'dom.elementClass'; old = -1, new = 0 
2020-06-23 08:30:52,553 [  20589]   INFO - il.indexing.FileBasedIndexImpl - index version changed for 'java.module.name'; old = -1, new = 4 
2020-06-23 08:30:52,593 [  20629]   INFO - il.indexing.FileBasedIndexImpl - index version changed for 'java.method.parameter.types'; old = -1, new = 3 
2020-06-23 08:30:52,603 [  20639]   INFO - il.indexing.FileBasedIndexImpl - index version changed for 'java.class.extlist'; old = -1, new = 3 
2020-06-23 08:30:52,603 [  20639]   INFO - il.indexing.FileBasedIndexImpl - index version changed for 'java.class.shortname'; old = -1, new = 4 
2020-06-23 08:30:52,613 [  20649]   INFO - il.indexing.FileBasedIndexImpl - index version changed for 'jvm.static.member.type'; old = -1, new = 2 
2020-06-23 08:30:52,653 [  20689]   INFO - il.indexing.FileBasedIndexImpl - index version changed for 'jvm.static.member.name'; old = -1, new = 2 
2020-06-23 08:30:52,653 [  20689]   INFO - il.indexing.FileBasedIndexImpl - index version changed for 'java.method.name'; old = -1, new = 2 
2020-06-23 08:30:52,663 [  20699]   INFO - il.indexing.FileBasedIndexImpl - index version changed for 'java.class.fqn'; old = -1, new = 1 
2020-06-23 08:30:52,673 [  20709]   INFO - il.indexing.FileBasedIndexImpl - index version changed for 'java.field.name'; old = -1, new = 2 
2020-06-23 08:30:52,683 [  20719]   INFO - il.indexing.FileBasedIndexImpl - index version changed for 'java.anonymous.baseref'; old = -1, new = 2 
2020-06-23 08:30:52,693 [  20729]   INFO - il.indexing.FileBasedIndexImpl - index version changed for 'java.annotations'; old = -1, new = 2 
2020-06-23 08:30:52,693 [  20729]   INFO - il.indexing.FileBasedIndexImpl - index version changed for 'markdown.header'; old = -1, new = 2 
2020-06-23 08:30:52,703 [  20739]   INFO - il.indexing.FileBasedIndexImpl - index version changed for 'properties.index'; old = -1, new = 2 
2020-06-23 08:30:52,713 [  20749]   INFO - il.indexing.FileBasedIndexImpl - index version changed for 'gr.class.fqn'; old = -1, new = 1 
2020-06-23 08:30:52,723 [  20759]   INFO - il.indexing.FileBasedIndexImpl - index version changed for 'gr.script.fqn'; old = -1, new = 2 
2020-06-23 08:30:52,803 [  20839]   INFO - il.indexing.FileBasedIndexImpl - index version changed for 'gr.field.name'; old = -1, new = 2 
2020-06-23 08:30:52,803 [  20839]   INFO - il.indexing.FileBasedIndexImpl - index version changed for 'gr.method.name'; old = -1, new = 2 
2020-06-23 08:30:52,813 [  20849]   INFO - il.indexing.FileBasedIndexImpl - index version changed for 'gr.annot.method.name'; old = -1, new = 2 
2020-06-23 08:30:52,823 [  20859]   INFO - il.indexing.FileBasedIndexImpl - index version changed for 'gr.annot.members'; old = -1, new = 2 
2020-06-23 08:30:52,833 [  20869]   INFO - il.indexing.FileBasedIndexImpl - index version changed for 'gr.script.class'; old = -1, new = 2 
2020-06-23 08:30:52,833 [  20869]   INFO - il.indexing.FileBasedIndexImpl - index version changed for 'gr.class.super'; old = -1, new = 2 
2020-06-23 08:30:52,843 [  20879]   INFO - il.indexing.FileBasedIndexImpl - index version changed for 'gr.anonymous.class'; old = -1, new = 3 
2020-06-23 08:30:52,853 [  20889]   INFO - il.indexing.FileBasedIndexImpl - index version changed for 'org.jetbrains.kotlin.idea.stubindex.KotlinExactPackagesIndex'; old = -1, new = 2 
2020-06-23 08:30:52,863 [  20899]   INFO - il.indexing.FileBasedIndexImpl - index version changed for 'org.jetbrains.kotlin.idea.stubindex.KotlinTopLevelClassByPackageIndex'; old = -1, new = 2 
2020-06-23 08:30:52,883 [  20919]   INFO - il.indexing.FileBasedIndexImpl - index version changed for 'org.jetbrains.kotlin.idea.stubindex.KotlinTopLevelFunctionByPackageIndex'; old = -1, new = 2 
2020-06-23 08:30:52,883 [  20919]   INFO - il.indexing.FileBasedIndexImpl - index version changed for 'org.jetbrains.kotlin.idea.stubindex.KotlinTopLevelPropertyByPackageIndex'; old = -1, new = 2 
2020-06-23 08:30:52,893 [  20929]   INFO - il.indexing.FileBasedIndexImpl - index version changed for 'org.jetbrains.kotlin.idea.stubindex.KotlinTopLevelTypeAliasByPackageIndex'; old = -1, new = 2 
2020-06-23 08:30:52,903 [  20939]   INFO - il.indexing.FileBasedIndexImpl - index version changed for 'org.jetbrains.kotlin.idea.stubindex.KotlinClassShortNameIndex'; old = -1, new = 2 
2020-06-23 08:30:52,953 [  20989]   INFO - il.indexing.FileBasedIndexImpl - index version changed for 'org.jetbrains.kotlin.idea.stubindex.KotlinFullClassNameIndex'; old = -1, new = 2 
2020-06-23 08:30:52,963 [  20999]   INFO - il.indexing.FileBasedIndexImpl - index version changed for 'org.jetbrains.kotlin.idea.stubindex.KotlinPropertyShortNameIndex'; old = -1, new = 2 
2020-06-23 08:30:52,963 [  20999]   INFO - il.indexing.FileBasedIndexImpl - index version changed for 'org.jetbrains.kotlin.idea.stubindex.KotlinFunctionShortNameIndex'; old = -1, new = 2 
2020-06-23 08:30:52,973 [  21009]   INFO - il.indexing.FileBasedIndexImpl - index version changed for 'org.jetbrains.kotlin.idea.stubindex.KotlinTypeAliasShortNameIndex'; old = -1, new = 2 
2020-06-23 08:30:52,983 [  21019]   INFO - il.indexing.FileBasedIndexImpl - index version changed for 'org.jetbrains.kotlin.idea.stubindex.KotlinSuperClassIndex'; old = -1, new = 2 
2020-06-23 08:30:52,993 [  21029]   INFO - il.indexing.FileBasedIndexImpl - index version changed for 'org.jetbrains.kotlin.idea.stubindex.KotlinTopLevelFunctionFqnNameIndex'; old = -1, new = 2 
2020-06-23 08:30:53,003 [  21039]   INFO - il.indexing.FileBasedIndexImpl - index version changed for 'org.jetbrains.kotlin.idea.stubindex.KotlinTopLevelPropertyFqnNameIndex'; old = -1, new = 2 
2020-06-23 08:30:53,023 [  21059]   INFO - il.indexing.FileBasedIndexImpl - index version changed for 'org.jetbrains.kotlin.idea.stubindex.KotlinTopLevelTypeAliasFqNameIndex'; old = -1, new = 2 
2020-06-23 08:30:53,033 [  21069]   INFO - il.indexing.FileBasedIndexImpl - index version changed for 'org.jetbrains.kotlin.idea.stubindex.KotlinTopLevelExtensionsByReceiverTypeIndex'; old = -1, new = 2 
2020-06-23 08:30:53,043 [  21079]   INFO - il.indexing.FileBasedIndexImpl - index version changed for 'org.jetbrains.kotlin.idea.stubindex.KotlinAnnotationsIndex'; old = -1, new = 3 
2020-06-23 08:30:53,203 [  21239]   INFO - il.indexing.FileBasedIndexImpl - index version changed for 'org.jetbrains.kotlin.idea.stubindex.KotlinProbablyNothingFunctionShortNameIndex'; old = -1, new = 2 
2020-06-23 08:30:53,283 [  21319]   INFO - il.indexing.FileBasedIndexImpl - index version changed for 'org.jetbrains.kotlin.idea.stubindex.KotlinProbablyNothingPropertyShortNameIndex'; old = -1, new = 2 
2020-06-23 08:30:53,293 [  21329]   INFO - il.indexing.FileBasedIndexImpl - index version changed for 'org.jetbrains.kotlin.idea.stubindex.KotlinProbablyContractedFunctionShortNameIndex'; old = -1, new = 2 
2020-06-23 08:30:53,303 [  21339]   INFO - il.indexing.FileBasedIndexImpl - index version changed for 'org.jetbrains.kotlin.idea.stubindex.KotlinFileFacadeFqNameIndex'; old = -1, new = 2 
2020-06-23 08:30:53,313 [  21349]   INFO - il.indexing.FileBasedIndexImpl - index version changed for 'org.jetbrains.kotlin.idea.stubindex.KotlinFilePartClassIndex'; old = -1, new = 2 
2020-06-23 08:30:53,313 [  21349]   INFO - il.indexing.FileBasedIndexImpl - index version changed for 'org.jetbrains.kotlin.idea.stubindex.KotlinFileFacadeClassByPackageIndex'; old = -1, new = 2 
2020-06-23 08:30:53,323 [  21359]   INFO - il.indexing.FileBasedIndexImpl - index version changed for 'org.jetbrains.kotlin.idea.stubindex.KotlinFileFacadeShortNameIndex'; old = -1, new = 2 
2020-06-23 08:30:53,403 [  21439]   INFO - il.indexing.FileBasedIndexImpl - index version changed for 'org.jetbrains.kotlin.idea.stubindex.KotlinMultifileClassPartIndex'; old = -1, new = 2 
2020-06-23 08:30:53,423 [  21459]   INFO - il.indexing.FileBasedIndexImpl - index version changed for 'org.jetbrains.kotlin.idea.stubindex.KotlinScriptFqnIndex'; old = -1, new = 2 
2020-06-23 08:30:53,433 [  21469]   INFO - il.indexing.FileBasedIndexImpl - index version changed for 'org.jetbrains.kotlin.idea.stubindex.KotlinTypeAliasByExpansionShortNameIndex'; old = -1, new = 2 
2020-06-23 08:30:53,503 [  21539]   INFO - il.indexing.FileBasedIndexImpl - index version changed for 'org.jetbrains.kotlin.idea.stubindex.KotlinOverridableInternalMembersShortNameIndex'; old = -1, new = 2 
2020-06-23 08:30:53,523 [  21559]   INFO - tellij.psi.stubs.StubIndexImpl - Following stub indices will be built:dom.namespaceKey,dom.elementClass,java.annotations,java.class.extlist,java.field.name,java.method.name,jvm.static.member.name,jvm.static.member.type,java.anonymous.baseref,java.method.parameter.types,java.class.shortname,java.class.fqn,java.module.name,markdown.header,properties.index,gr.class.fqn,gr.script.fqn,gr.field.name,gr.method.name,gr.annot.method.name,gr.annot.members,gr.script.class,gr.class.super,gr.anonymous.class,org.jetbrains.kotlin.idea.stubindex.KotlinExactPackagesIndex,org.jetbrains.kotlin.idea.stubindex.KotlinTopLevelClassByPackageIndex,org.jetbrains.kotlin.idea.stubindex.KotlinTopLevelFunctionByPackageIndex,org.jetbrains.kotlin.idea.stubindex.KotlinTopLevelPropertyByPackageIndex,org.jetbrains.kotlin.idea.stubindex.KotlinTopLevelTypeAliasByPackageIndex,org.jetbrains.kotlin.idea.stubindex.KotlinClassShortNameIndex,org.jetbrains.kotlin.idea.stubindex.KotlinFullClassNameIndex,org.jetbrains.kotlin.idea.stubindex.KotlinPropertyShortNameIndex,org.jetbrains.kotlin.idea.stubindex.KotlinFunctionShortNameIndex,org.jetbrains.kotlin.idea.stubindex.KotlinTypeAliasShortNameIndex,org.jetbrains.kotlin.idea.stubindex.KotlinSuperClassIndex,org.jetbrains.kotlin.idea.stubindex.KotlinTopLevelFunctionFqnNameIndex,org.jetbrains.kotlin.idea.stubindex.KotlinTopLevelPropertyFqnNameIndex,org.jetbrains.kotlin.idea.stubindex.KotlinTopLevelTypeAliasFqNameIndex,org.jetbrains.kotlin.idea.stubindex.KotlinTopLevelExtensionsByReceiverTypeIndex,org.jetbrains.kotlin.idea.stubindex.KotlinAnnotationsIndex,org.jetbrains.kotlin.idea.stubindex.KotlinProbablyNothingFunctionShortNameIndex,org.jetbrains.kotlin.idea.stubindex.KotlinProbablyNothingPropertyShortNameIndex,org.jetbrains.kotlin.idea.stubindex.KotlinProbablyContractedFunctionShortNameIndex,org.jetbrains.kotlin.idea.stubindex.KotlinFileFacadeFqNameIndex,org.jetbrains.kotlin.idea.stubindex.KotlinFilePartClassIndex,org.jetbrains.kotlin.idea.stubindex.KotlinFileFacadeClassByPackageIndex,org.jetbrains.kotlin.idea.stubindex.KotlinFileFacadeShortNameIndex,org.jetbrains.kotlin.idea.stubindex.KotlinMultifileClassPartIndex,org.jetbrains.kotlin.idea.stubindex.KotlinScriptFqnIndex,org.jetbrains.kotlin.idea.stubindex.KotlinTypeAliasByExpansionShortNameIndex,org.jetbrains.kotlin.idea.stubindex.KotlinOverridableInternalMembersShortNameIndex 
2020-06-23 08:30:53,523 [  21559]   INFO - exImpl$StubIndexInitialization - Initialization done: 1125 
2020-06-23 08:30:55,203 [  23239]   INFO - penapi.application.Experiments - Experimental features enabled for user: wsl.p9.support, wsl.p9.show.roots.in.file.chooser, inline.browse.button, linux.native.menu, recent.and.edited.files.together, show.create.new.element.in.popup, copy.reference.popup, new.large.text.file.viewer, property.value.inplace.editing, terminal.shell.command.handling 
2020-06-23 08:30:56,463 [  24499]   WARN - ConfigurableExtensionPointUtil - ignore deprecated groupId: language for id: preferences.language.Kotlin.scripting 
2020-06-23 08:31:07,935 [  35971]   INFO - CompilerWorkspaceConfiguration - Available processors: 4 
2020-06-23 08:31:12,061 [  40097]   WARN - Container.ComponentManagerImpl - Do not use constructor injection (requestorClass=com.android.tools.idea.sdk.AndroidSdks) 
2020-06-23 08:31:21,707 [  49743]   INFO - com.intellij.ide.ui.UISettings - Loaded: fontSize=13, fontScale=1.0; restored: fontSize=12, fontScale=0.9166667 
2020-06-23 08:31:38,606 [  66642]   INFO - ateSettings.impl.UpdateChecker - failed to load plugin descriptions from : Malformed URL:  
2020-06-23 08:31:38,776 [  66812]   INFO - gins.PluginManagerConfigurable -  
java.net.MalformedURLException: Malformed URL: 
	at com.intellij.util.Urls.newFromEncoded(Urls.kt:63)
	at com.intellij.ide.plugins.RepositoryHelper.loadPlugins(RepositoryHelper.java:101)
	at com.intellij.ide.plugins.RepositoryHelper.loadPlugins(RepositoryHelper.java:86)
	at com.intellij.ide.plugins.PluginManagerConfigurable.loadRepositoryPlugins(PluginManagerConfigurable.java:1549)
	at com.intellij.ide.plugins.PluginManagerConfigurable.access$2000(PluginManagerConfigurable.java:73)
	at com.intellij.ide.plugins.PluginManagerConfigurable$7.lambda$createPluginsPanel$3(PluginManagerConfigurable.java:382)
	at com.intellij.util.RunnableCallable.call(RunnableCallable.java:20)
	at com.intellij.util.RunnableCallable.call(RunnableCallable.java:11)
	at com.intellij.openapi.application.impl.ApplicationImpl$1.call(ApplicationImpl.java:255)
	at java.base/java.util.concurrent.FutureTask.run(FutureTask.java:264)
	at java.base/java.util.concurrent.ThreadPoolExecutor.runWorker(ThreadPoolExecutor.java:1128)
	at java.base/java.util.concurrent.ThreadPoolExecutor$Worker.run(ThreadPoolExecutor.java:628)
	at java.base/java.lang.Thread.run(Thread.java:834)
2020-06-23 08:31:48,060 [  76096]   INFO - leScriptDefinitionsContributor - [kts] error loading gradle script templates: Project 'Default (Template) Project' isn't linked with Gradle 
2020-06-23 08:31:48,130 [  76166]   INFO - leScriptDefinitionsContributor - [kts] error loading gradle script templates: Project 'Default (Template) Project' isn't linked with Gradle 
2020-06-23 08:31:48,130 [  76166]   INFO - leScriptDefinitionsContributor - [kts] error loading gradle script templates: Project 'Default (Template) Project' isn't linked with Gradle 
2020-06-23 08:32:21,527 [ 109563]   INFO -                         STDOUT - Searchable options index builder completed 
2020-06-23 08:32:22,187 [ 110223]   INFO - org.jetbrains.io.BuiltInServer - web server stopped 
2020-06-23 08:32:22,207 [ 110243]   INFO - Types.impl.FileTypeManagerImpl - 0 auto-detected files. Detection took 0 ms 
2020-06-23 08:32:22,217 [ 110253]   INFO - il.indexing.FileBasedIndexImpl - START INDEX SHUTDOWN 
2020-06-23 08:32:22,257 [ 110293]   INFO - tellij.psi.stubs.StubIndexImpl - StubIndexExtension-s were unloaded 
2020-06-23 08:32:22,277 [ 110313]   INFO - il.indexing.FileBasedIndexImpl - END INDEX SHUTDOWN 
2020-06-23 08:32:22,277 [ 110313]   INFO - newvfs.persistent.PersistentFS - VFS dispose started 
2020-06-23 08:32:22,277 [ 110313]   INFO - newvfs.persistent.PersistentFS - VFS dispose completed 
2020-06-23 08:32:22,277 [ 110313]   INFO - stubs.SerializationManagerImpl - START StubSerializationManager SHUTDOWN 
2020-06-23 08:32:22,277 [ 110313]   INFO - stubs.SerializationManagerImpl - END StubSerializationManager SHUTDOWN 
2020-06-23 08:32:23,164 [ 111200]   INFO - plication.impl.ApplicationImpl - Write action Statistics:
Event number:     0
Total time spent: 0ms
Average duration: 0ms
Median  duration: 0ms
Max     duration: 0ms (it was 'null') 
2020-06-23 08:32:23,164 [ 111200]   INFO - plication.impl.ApplicationImpl - AnAction.update() Statistics:
Event number:     0
Total time spent: 0ms
Average duration: 0ms
Median  duration: 0ms
Max     duration: 0ms (it was 'null') 
2020-06-23 08:32:23,164 [ 111200]   INFO - plication.impl.ApplicationImpl - Global instance threads created counter = 8; ProcessIOExecutorService threads: 0 
2020-06-23 08:32:23,166 [ 111202]   INFO -        #com.intellij.idea.Main - ------------------------------------------------------ IDE SHUTDOWN ------------------------------------------------------ 
2020-06-23 08:32:23,168 [ 111204]   INFO - org.jetbrains.io.BuiltInServer - web server stopped 
2020-06-23 08:40:06,781 [      0]   INFO -        #com.intellij.idea.Main - ------------------------------------------------------ IDE STARTED ------------------------------------------------------ 
2020-06-23 08:40:07,042 [    261]   INFO -        #com.intellij.idea.Main - IDE: IntelliJ IDEA (build #IC-201.7846.76, 01 Jun 2020 06:17) 
2020-06-23 08:40:07,118 [    337]   INFO -        #com.intellij.idea.Main - OS: Windows 7 (6.1, amd64) 
2020-06-23 08:40:07,118 [    337]   INFO -        #com.intellij.idea.Main - JRE: 11.0.7+10-b765.53 (JetBrains s.r.o.) 
2020-06-23 08:40:07,118 [    337]   INFO -        #com.intellij.idea.Main - JVM: 11.0.7+10-b765.53 (OpenJDK 64-Bit Server VM) 
2020-06-23 08:40:07,118 [    337]   INFO -        #com.intellij.idea.Main - JVM Args: -Didea.auto.reload.plugins=true -Didea.classpath.index.enabled=false -Didea.config.path=C:\Users\admin\IdeaProjects\kodilla-course\build\idea-sandbox\config -Didea.is.internal=true -Didea.platform.prefix=Idea -Didea.plugins.path=C:\Users\admin\IdeaProjects\kodilla-course\build\idea-sandbox\plugins -Didea.required.plugins.id=com.kodilla.kodilla-course -Didea.system.path=C:\Users\admin\IdeaProjects\kodilla-course\build\idea-sandbox\system -Xms256m -Xmx512m -Dfile.encoding=windows-1250 -Duser.country=PL -Duser.language=pl -Duser.variant -ea 
2020-06-23 08:40:07,119 [    338]   INFO -        #com.intellij.idea.Main - Locale=pl_PL JNU=Cp1250 file.encoding=windows-1250 
2020-06-23 08:40:07,065 [    284]   INFO - ntellij.idea.ApplicationLoader - CPU cores: 4; ForkJoinPool.commonPool: java.util.concurrent.ForkJoinPool@6a7c90cb[Running, parallelism = 4, size = 0, active = 0, running = 0, steals = 0, tasks = 0, submissions = 0]; factory: com.intellij.concurrency.IdeaForkJoinWorkerThreadFactory@561a2376 
2020-06-23 08:40:07,239 [    458]   INFO -        #com.intellij.idea.Main - JNA library (64-bit) loaded in 376 ms 
2020-06-23 08:40:07,594 [    813]   INFO - penapi.util.io.win32.IdeaWin32 - Native filesystem for Windows is operational 
2020-06-23 08:40:08,271 [   1490]   INFO - llij.ide.plugins.PluginManager - Plugin org.intellij.groovy misses optional descriptor duplicates-groovy.xml 
2020-06-23 08:40:08,271 [   1490]   INFO - llij.ide.plugins.PluginManager - Plugin org.intellij.groovy misses optional descriptor duplicates-detection-groovy.xml 
2020-06-23 08:40:08,520 [   1739]   INFO - llij.ide.plugins.PluginManager - Plugin com.intellij.java misses optional descriptor profiler-java.xml 
2020-06-23 08:40:08,808 [   2027]   INFO - llij.ide.plugins.PluginManager - Loaded bundled plugins: IDEA CORE (201.7846.76), com.intellij.platform.images (201.7846.76), JetBrains Repository Search (201.7846.76), Subversion (201.7846.76), XPathView + XSLT (201.7846.76), XSLT Debugger (201.7846.76), Smali Support (201.7846.76), Configuration Script (201.7846.76), Copyright (201.7846.76), Java (201.7846.76), Bytecode Viewer (201.7846.76), Git (201.7846.76), ChangeReminder (201.7846.76), Next File Prediction (201.7846.76), JUnit (201.7846.76), Task Management (201.7846.76), GitHub (201.7846.76), IntelliLang (201.7846.76), TestNG (201.7846.76), Code Coverage for Java (201.7846.76), Markdown (201.7846.76), Java IDE Customization (201.7846.76), Java Stream Debugger (201.7846.76), Eclipse Interoperability (201.7846.76), Java Bytecode Decompiler (201.7846.76), Gradle (201.7846.76), macOS Light Theme (201.7846.76), Windows 10 Light Theme (201.7846.76), Properties (201.7846.76), Ant (201.7846.76), Groovy (201.7846.76), Maven (201.7846.76), Gradle-Java (201.7846.76), Gradle-Maven (201.7846.76), Java Internationalization (201.7846.76), Kotlin (1.3.72-release-IJ2020.1-1), UI Designer (201.7846.76), Plugin DevKit (201.7846.76), JavaFX (201.7846.76), Resource Bundle Editor (201.7846.76), Machine Learning Code Completion (201.7846.76), Mercurial (201.7846.76), EditorConfig (201.7846.76), Terminal (201.7846.76), Android (201.7846.76), Shell Script (201.7846.76), TextMate bundles (201.7846.76), YAML (201.7846.76), Grazie (201.7846.76), Settings Repository (201.7846.76) 
2020-06-23 08:40:08,808 [   2027]   INFO - llij.ide.plugins.PluginManager - Loaded custom plugins: Plugin display name here (1.0-SNAPSHOT) 
2020-06-23 08:40:09,435 [   2654]   INFO - ellij.util.io.PagedFileStorage - lower=100; upper=492; buffer=10; max=492 
2020-06-23 08:40:09,465 [   2684]   INFO - tellij.util.io.FileChannelUtil - un-interruptible FileChannel-s will be used for indexes 
2020-06-23 08:40:09,547 [   2766]   INFO - om.intellij.ui.scale.JBUIScale - System scale factor: 0.9166667 (IDE-managed HiDPI) 
2020-06-23 08:40:09,607 [   2826]   WARN - j.internal.DebugAttachDetector - Unable to start DebugAttachDetector, please add `--add-exports java.base/jdk.internal.vm=ALL-UNNAMED` to VM options 
2020-06-23 08:40:09,687 [   2906]   INFO - rains.ide.BuiltInServerManager - built-in server started, port 63343 
2020-06-23 08:40:09,832 [   3051]   INFO - til.net.ssl.CertificateManager - Default SSL context initialized 
2020-06-23 08:40:10,001 [   3220]   INFO - pl.local.NativeFileWatcherImpl - Native file watcher is disabled 
2020-06-23 08:40:10,409 [   3628]   INFO -                         STDOUT - Starting searchable options index builder 
2020-06-23 08:40:10,857 [   4076]   INFO - penapi.application.Experiments - Experimental features enabled for user: wsl.p9.support, wsl.p9.show.roots.in.file.chooser, inline.browse.button, linux.native.menu, recent.and.edited.files.together, show.create.new.element.in.popup, copy.reference.popup, new.large.text.file.viewer, property.value.inplace.editing, terminal.shell.command.handling 
2020-06-23 08:40:10,997 [   4216]   WARN - ConfigurableExtensionPointUtil - ignore deprecated groupId: language for id: preferences.language.Kotlin.scripting 
2020-06-23 08:40:11,097 [   4316]   INFO - leBasedIndexDataInitialization - Initialization done: 1266 
2020-06-23 08:40:11,967 [   5186]   INFO - exImpl$StubIndexInitialization - Initialization done: 869 
2020-06-23 08:40:13,103 [   6322]   INFO - CompilerWorkspaceConfiguration - Available processors: 4 
2020-06-23 08:40:13,937 [   7156]   WARN - Container.ComponentManagerImpl - Do not use constructor injection (requestorClass=com.android.tools.idea.sdk.AndroidSdks) 
2020-06-23 08:40:16,313 [   9532]   INFO - com.intellij.ide.ui.UISettings - Loaded: fontSize=13, fontScale=1.0; restored: fontSize=12, fontScale=0.9166667 
2020-06-23 08:40:23,224 [  16443]   INFO - ateSettings.impl.UpdateChecker - failed to load plugin descriptions from : Malformed URL:  
2020-06-23 08:40:23,314 [  16533]   INFO - gins.PluginManagerConfigurable -  
java.net.MalformedURLException: Malformed URL: 
	at com.intellij.util.Urls.newFromEncoded(Urls.kt:63)
	at com.intellij.ide.plugins.RepositoryHelper.loadPlugins(RepositoryHelper.java:101)
	at com.intellij.ide.plugins.RepositoryHelper.loadPlugins(RepositoryHelper.java:86)
	at com.intellij.ide.plugins.PluginManagerConfigurable.loadRepositoryPlugins(PluginManagerConfigurable.java:1549)
	at com.intellij.ide.plugins.PluginManagerConfigurable.access$2000(PluginManagerConfigurable.java:73)
	at com.intellij.ide.plugins.PluginManagerConfigurable$7.lambda$createPluginsPanel$3(PluginManagerConfigurable.java:382)
	at com.intellij.util.RunnableCallable.call(RunnableCallable.java:20)
	at com.intellij.util.RunnableCallable.call(RunnableCallable.java:11)
	at com.intellij.openapi.application.impl.ApplicationImpl$1.call(ApplicationImpl.java:255)
	at java.base/java.util.concurrent.FutureTask.run(FutureTask.java:264)
	at java.base/java.util.concurrent.ThreadPoolExecutor.runWorker(ThreadPoolExecutor.java:1128)
	at java.base/java.util.concurrent.ThreadPoolExecutor$Worker.run(ThreadPoolExecutor.java:628)
	at java.base/java.lang.Thread.run(Thread.java:834)
2020-06-23 08:40:25,532 [  18751]   INFO - leScriptDefinitionsContributor - [kts] error loading gradle script templates: Project 'Default (Template) Project' isn't linked with Gradle 
2020-06-23 08:40:25,542 [  18761]   INFO - leScriptDefinitionsContributor - [kts] error loading gradle script templates: Project 'Default (Template) Project' isn't linked with Gradle 
2020-06-23 08:40:25,542 [  18761]   INFO - leScriptDefinitionsContributor - [kts] error loading gradle script templates: Project 'Default (Template) Project' isn't linked with Gradle 
2020-06-23 08:40:28,750 [  21969]   INFO -                         STDOUT - Searchable options index builder completed 
2020-06-23 08:40:28,999 [  22218]   INFO - org.jetbrains.io.BuiltInServer - web server stopped 
2020-06-23 08:40:29,035 [  22254]   INFO - Types.impl.FileTypeManagerImpl - 0 auto-detected files. Detection took 0 ms 
2020-06-23 08:40:29,036 [  22255]   INFO - il.indexing.FileBasedIndexImpl - START INDEX SHUTDOWN 
2020-06-23 08:40:29,106 [  22325]   INFO - tellij.psi.stubs.StubIndexImpl - StubIndexExtension-s were unloaded 
2020-06-23 08:40:29,126 [  22345]   INFO - il.indexing.FileBasedIndexImpl - END INDEX SHUTDOWN 
2020-06-23 08:40:29,126 [  22345]   INFO - newvfs.persistent.PersistentFS - VFS dispose started 
2020-06-23 08:40:29,126 [  22345]   INFO - newvfs.persistent.PersistentFS - VFS dispose completed 
2020-06-23 08:40:29,126 [  22345]   INFO - stubs.SerializationManagerImpl - START StubSerializationManager SHUTDOWN 
2020-06-23 08:40:29,126 [  22345]   INFO - stubs.SerializationManagerImpl - END StubSerializationManager SHUTDOWN 
2020-06-23 08:40:29,510 [  22729]   INFO - plication.impl.ApplicationImpl - Write action Statistics:
Event number:     0
Total time spent: 0ms
Average duration: 0ms
Median  duration: 0ms
Max     duration: 0ms (it was 'null') 
2020-06-23 08:40:29,510 [  22729]   INFO - plication.impl.ApplicationImpl - AnAction.update() Statistics:
Event number:     0
Total time spent: 0ms
Average duration: 0ms
Median  duration: 0ms
Max     duration: 0ms (it was 'null') 
2020-06-23 08:40:29,510 [  22729]   INFO - plication.impl.ApplicationImpl - Global instance threads created counter = 8; ProcessIOExecutorService threads: 0 
2020-06-23 08:40:29,520 [  22739]   INFO -        #com.intellij.idea.Main - ------------------------------------------------------ IDE SHUTDOWN ------------------------------------------------------ 
2020-06-23 08:40:29,520 [  22739]   INFO - org.jetbrains.io.BuiltInServer - web server stopped 
